{
  "stats": {
    "suites": 1,
    "tests": 4,
    "passes": 4,
    "pending": 0,
    "failures": 0,
    "start": "2024-08-16T09:04:45.232Z",
    "end": "2024-08-16T09:04:46.617Z",
    "duration": 1385,
    "testsRegistered": 4,
    "passPercent": 100,
    "pendingPercent": 0,
    "other": 0,
    "hasOther": false,
    "skipped": 0,
    "hasSkipped": false
  },
  "results": [
    {
      "uuid": "c161f44e-f1d3-40de-b6de-72ec0ff31799",
      "title": "",
      "fullFile": "C:\\Users\\lenov\\OneDrive\\Desktop\\E-learning\\Pert 7\\API test automation\\ApiAuto\\test\\testAPI.js",
      "file": "\\test\\testAPI.js",
      "beforeHooks": [],
      "afterHooks": [],
      "tests": [],
      "suites": [
        {
          "uuid": "a8c8f462-419e-48ad-b124-a5ba0f7d23d8",
          "title": "Test Suite 1",
          "fullFile": "C:\\Users\\lenov\\OneDrive\\Desktop\\E-learning\\Pert 7\\API test automation\\ApiAuto\\test\\testAPI.js",
          "file": "\\test\\testAPI.js",
          "beforeHooks": [],
          "afterHooks": [],
          "tests": [
            {
              "title": "Test Case 1: Get All User",
              "fullTitle": "Test Suite 1 Test Case 1: Get All User",
              "timedOut": false,
              "duration": 114,
              "state": "passed",
              "speed": "slow",
              "pass": true,
              "fail": false,
              "pending": false,
              "context": null,
              "code": "const response = await request(BASE_URL)\n    .get('/api/users?page=2')\nconsole.log('Status:', response.status);\n// console.log('Response Body:', response.body);\n       \n// assertion\nassert.equal(response.status, 200)\nassert.equal(response.body.data[0].id, 7)\nassert.jsonSchema(response.body, getlist);\n// expect\nexpect(response.status).to.equal(200)\n//",
              "err": {},
              "uuid": "31e696a8-377d-497c-b507-1c5bb9c2569a",
              "parentUUID": "a8c8f462-419e-48ad-b124-a5ba0f7d23d8",
              "isHook": false,
              "skipped": false
            },
            {
              "title": "Test Case 2: Post Register - successful",
              "fullTitle": "Test Suite 1 Test Case 2: Post Register - successful",
              "timedOut": false,
              "duration": 419,
              "state": "passed",
              "speed": "slow",
              "pass": true,
              "fail": false,
              "pending": false,
              "context": null,
              "code": "const bodyPost = {\n    \"email\": \"eve.holt@reqres.in\",\n    \"password\": \"pistol\"\n}\n    const response = await request(BASE_URL)\n    .post('/api/register')\n    .send(bodyPost)\nconsole.log('Status:', response.status);\n// console.log('Response Body:', response.body);\n       \n// assertion\nassert.equal(response.status, 200)\nassert.equal(response.body.id, 4)\nassert.equal(response.body.token, 'QpwL5tke4Pnpja7X4')\nassert.jsonSchema(response.body, postregister);",
              "err": {},
              "uuid": "6107c23d-20a5-4ee8-bcac-7d04d2b817a9",
              "parentUUID": "a8c8f462-419e-48ad-b124-a5ba0f7d23d8",
              "isHook": false,
              "skipped": false
            },
            {
              "title": "Test Case 3: Delete",
              "fullTitle": "Test Suite 1 Test Case 3: Delete",
              "timedOut": false,
              "duration": 428,
              "state": "passed",
              "speed": "slow",
              "pass": true,
              "fail": false,
              "pending": false,
              "context": null,
              "code": "const response = await request(BASE_URL)\n    .delete('/api/user/2')\nconsole.log('Status:', response.status);        \n// console.log('Response Body:', response.body);\n       \n// assertion\nassert.equal(response.status, 204)\nassert.jsonSchema(response.body, deleteUser);",
              "err": {},
              "uuid": "4605cdce-8a7e-4cfb-a902-724173456432",
              "parentUUID": "a8c8f462-419e-48ad-b124-a5ba0f7d23d8",
              "isHook": false,
              "skipped": false
            },
            {
              "title": "Test Case 4: Put - Update User",
              "fullTitle": "Test Suite 1 Test Case 4: Put - Update User",
              "timedOut": false,
              "duration": 417,
              "state": "passed",
              "speed": "slow",
              "pass": true,
              "fail": false,
              "pending": false,
              "context": null,
              "code": "const bodyPut = {\n    \"name\": \"morpheus\",\n    \"job\": \"zion resident\"\n}\nconst response = await request(BASE_URL)\n    .put('/api/user/2')\n    .send(bodyPut)\nconsole.log('Status:', response.status);        \n// console.log('Response Body:', response.body);\n       \n// assertion\nassert.equal(response.status, 200)\nassert.jsonSchema(response.body, putUser);",
              "err": {},
              "uuid": "c4d12084-9681-4b7c-8af7-0e349757122b",
              "parentUUID": "a8c8f462-419e-48ad-b124-a5ba0f7d23d8",
              "isHook": false,
              "skipped": false
            }
          ],
          "suites": [],
          "passes": [
            "31e696a8-377d-497c-b507-1c5bb9c2569a",
            "6107c23d-20a5-4ee8-bcac-7d04d2b817a9",
            "4605cdce-8a7e-4cfb-a902-724173456432",
            "c4d12084-9681-4b7c-8af7-0e349757122b"
          ],
          "failures": [],
          "pending": [],
          "skipped": [],
          "duration": 1378,
          "root": false,
          "rootEmpty": false,
          "_timeout": 2000
        }
      ],
      "passes": [],
      "failures": [],
      "pending": [],
      "skipped": [],
      "duration": 0,
      "root": true,
      "rootEmpty": true,
      "_timeout": 2000
    }
  ],
  "meta": {
    "mocha": {
      "version": "10.7.3"
    },
    "mochawesome": {
      "options": {
        "quiet": false,
        "reportFilename": "mochawesome",
        "saveHtml": true,
        "saveJson": true,
        "consoleReporter": "spec",
        "useInlineDiffs": false,
        "code": true
      },
      "version": "7.1.3"
    },
    "marge": {
      "options": null,
      "version": "6.2.0"
    }
  }
}